<?xml version="1.0" encoding="UTF-8"?>
<!-- Generated by org.testng.reporters.JUnitReportReporter -->
<testsuite hostname="DESKTOP-9TT0IPT" failures="0" tests="5" name="Runner_Files.Login_Forgot_Password_Negative_Scen_Runner" time="1.323" errors="5" timestamp="2021-04-10T08:45:33 GMT-04:00" skipped="0">
  <testcase classname="Runner_Files.Login_Forgot_Password_Negative_Scen_Runner" name="runScenario" time="0.065">
    <error message="Filepath is not specified in the Config.properties" type="java.lang.RuntimeException">
      <![CDATA[java.lang.RuntimeException: Filepath is not specified in the Config.properties
at Reusable_Functions.Generic_function.getFilepath(Generic_function.java:63)
at Reusable_Functions.Generic_function.OR_reader(Generic_function.java:100)
at ForgotPassword.Login_Forgot_Password_Scen_Script.user_is_enter_less_than_ten_digit_phone_number_in_the_phone_number_field(Login_Forgot_Password_Scen_Script.java:45)
at ✽.User is enter less than ten digit Phone number in the Phone number field(file:///F:/MPoweredHealth/QA_AUTOMATION_ZIP_FILE/QA_Automation_Framework-main/src/main/java/ForgotPassword/Forgot_Password_Scen.feature:11)
]]>
    </error>
  </testcase> <!-- runScenario -->
  <system-out/>
  <testcase classname="Runner_Files.Login_Forgot_Password_Negative_Scen_Runner" name="runScenario" time="1.109">
    <error message="Filepath is not specified in the Config.properties" type="java.lang.RuntimeException">
      <![CDATA[java.lang.RuntimeException: Filepath is not specified in the Config.properties
at Reusable_Functions.Generic_function.getFilepath(Generic_function.java:63)
at Reusable_Functions.Generic_function.OR_reader(Generic_function.java:100)
at Reusable_Functions.Generic_function.click(Generic_function.java:144)
at ForgotPassword.Login_Forgot_Password_Scen_Script.user_click_on_phone_number_field(Login_Forgot_Password_Scen_Script.java:27)
at ✽.User click on Phone number field(file:///F:/MPoweredHealth/QA_AUTOMATION_ZIP_FILE/QA_Automation_Framework-main/src/main/java/ForgotPassword/Forgot_Password_Scen.feature:5)
]]>
    </error>
  </testcase> <!-- runScenario -->
  <system-out/>
  <testcase classname="Runner_Files.Login_Forgot_Password_Negative_Scen_Runner" name="runScenario" time="0.044">
    <error message="Filepath is not specified in the Config.properties" type="java.lang.RuntimeException">
      <![CDATA[java.lang.RuntimeException: Filepath is not specified in the Config.properties
at Reusable_Functions.Generic_function.getFilepath(Generic_function.java:63)
at Reusable_Functions.Generic_function.OR_reader(Generic_function.java:100)
at ForgotPassword.Login_Forgot_Password_Scen_Script.user_is_enter_non_registered_phone_number(Login_Forgot_Password_Scen_Script.java:64)
at ✽.User is enter non registered Phone number(file:///F:/MPoweredHealth/QA_AUTOMATION_ZIP_FILE/QA_Automation_Framework-main/src/main/java/ForgotPassword/Forgot_Password_Scen.feature:20)
]]>
    </error>
  </testcase> <!-- runScenario -->
  <system-out/>
  <testcase classname="Runner_Files.Login_Forgot_Password_Negative_Scen_Runner" name="runScenario" time="0.044">
    <error message="Filepath is not specified in the Config.properties" type="java.lang.RuntimeException">
      <![CDATA[java.lang.RuntimeException: Filepath is not specified in the Config.properties
at Reusable_Functions.Generic_function.getFilepath(Generic_function.java:63)
at Reusable_Functions.Generic_function.OR_reader(Generic_function.java:100)
at ForgotPassword.Login_Forgot_Password_Scen_Script.user_is_enter_more_than_ten_digit_phone_number_in_the_phone_number_field(Login_Forgot_Password_Scen_Script.java:58)
at ✽.User is enter more than ten digit Phone number in the Phone number field(file:///F:/MPoweredHealth/QA_AUTOMATION_ZIP_FILE/QA_Automation_Framework-main/src/main/java/ForgotPassword/Forgot_Password_Scen.feature:16)
]]>
    </error>
  </testcase> <!-- runScenario -->
  <system-out/>
  <testcase classname="Runner_Files.Login_Forgot_Password_Negative_Scen_Runner" name="runScenario" time="0.061">
    <error message="Filepath is not specified in the Config.properties" type="java.lang.RuntimeException">
      <![CDATA[java.lang.RuntimeException: Filepath is not specified in the Config.properties
at Reusable_Functions.Generic_function.getFilepath(Generic_function.java:63)
at Reusable_Functions.Generic_function.OR_reader(Generic_function.java:100)
at ForgotPassword.Login_Forgot_Password_Scen_Script.user_leave_phone_number_field_as_blank(Login_Forgot_Password_Scen_Script.java:70)
at ✽.User leave Phone number field as blank(file:///F:/MPoweredHealth/QA_AUTOMATION_ZIP_FILE/QA_Automation_Framework-main/src/main/java/ForgotPassword/Forgot_Password_Scen.feature:25)
]]>
    </error>
  </testcase> <!-- runScenario -->
  <system-out/>
</testsuite> <!-- Runner_Files.Login_Forgot_Password_Negative_Scen_Runner -->
